Connection established to port 4000
Message sent to port 4000: LIST
List operation started
Message received from port 4000: LIST
List operation successfully completed
Message sent to port 4000: STORE test.txt 9
Store operation started for file test.txt
Message received from port 4000: STORE_TO 4001
Controller replied to store test.txt in these Dstores: 4001 
Connection established to port 4001
Message sent to port 4001: STORE test.txt 9
Storing file test.txt to Dstore 4001
Message received from port 4001: ACK
ACK received from Dstore 4001 to store file test.txt
Store of file test.txt to Dstore 4001 successfully completed
Timeout expired while reading from port 4000
Message sent to port 4000: STORE test.txt 9
Store operation started for file test.txt
Message received from port 4000: STORE_TO 4001
Controller replied to store test.txt in these Dstores: 4001 
Connection established to port 4001
Message sent to port 4001: STORE test.txt 9
Storing file test.txt to Dstore 4001
Message received from port 4001: ACK
ACK received from Dstore 4001 to store file test.txt
Store of file test.txt to Dstore 4001 successfully completed
Timeout expired while reading from port 4000
Message sent to port 4000: LIST
List operation started
Message received from port 4000: LIST test.txt
List operation successfully completed
Message sent to port 4000: LOAD test.txt
Load operation for file test.txt started
Message received from port 4000: LOAD_FROM 4001 9
Controller replied to load file test.txt (size: 9 bytes) from Dstore 4001
Connection established to port 4001
Message sent to port 4001: LOAD_DATA test.txt
Loading file test.txt from Dstore 4001
Load operation of file test.txt from Dstore 4001 successfully completed
Message sent to port 4000: REMOVE test.txt
Remove operation for file test.txt started
Timeout expired while reading from port 4000
Remove operation for file test.txt not completed successfully
Message sent to port 4000: REMOVE test.txt
Remove operation for file test.txt started
Timeout expired while reading from port 4000
Remove operation for file test.txt not completed successfully
Message sent to port 4000: LIST
List operation started
Message received from port 4000: REMOVE_COMPLETE
ERROR: Connection closed by the Controller
List operation failed
Connection established to port 4000
Connection established to port 4000
Connection established to port 4000
Connection established to port 4000
Connection established to port 4000
Connection established to port 4000
Connection established to port 4000
Connection established to port 4000
Message sent to port 4000: LIST
List operation started
Connection established to port 4000
Connection established to port 4000
Message sent to port 4000: LIST
Message sent to port 4000: LIST
Message sent to port 4000: LIST
Message sent to port 4000: LIST
Message sent to port 4000: LIST
Message sent to port 4000: LIST
List operation started
List operation started
Message sent to port 4000: LIST
List operation started
List operation started
Message sent to port 4000: LIST
Message received from port 4000: LIST
List operation successfully completed
Message sent to port 4000: LIST
List operation started
List operation started
List operation started
Message received from port 4000: LIST
Message sent to port 4000: LIST
List operation started
List operation started
List operation successfully completed
Message received from port 4000: LIST
Message received from port 4000: LIST
List operation started
List operation successfully completed
Message sent to port 4000: LIST
List operation successfully completed
List operation started
Message sent to port 4000: LIST
Message received from port 4000: LIST
List operation started
Message received from port 4000: LIST
List operation successfully completed
Message received from port 4000: LIST
Message sent to port 4000: LIST
List operation successfully completed
List operation successfully completed
List operation started
Message sent to port 4000: LIST
List operation started
Message received from port 4000: LIST
List operation successfully completed
Timeout expired while reading from port 4000
List operation failed
Timeout expired while reading from port 4000
List operation failed
Timeout expired while reading from port 4000
Timeout expired while reading from port 4000
List operation failed
List operation failed
Timeout expired while reading from port 4000
List operation failed
Timeout expired while reading from port 4000
List operation failed
Timeout expired while reading from port 4000
List operation failed
