Connection established to port 5000
Message sent to port 5000: LIST
List operation started
Timeout expired while reading from port 5000
List operation failed
Message sent to port 5000: STORE test.txt 9
Store operation started for file test.txt
Timeout expired while reading from port 5000
Message sent to port 5000: STORE test.txt 9
Store operation started for file test.txt
Timeout expired while reading from port 5000
Message sent to port 5000: LIST
List operation started
Timeout expired while reading from port 5000
List operation failed
Message sent to port 5000: LIST
List operation started
Timeout expired while reading from port 5000
List operation failed
Connection established to port 5000
Connection established to port 5000
Connection established to port 5000
Connection established to port 5000
Connection established to port 5000
Connection established to port 5000
Connection established to port 5000
Connection established to port 5000
Connection established to port 5000
Connection established to port 5000
Message sent to port 5000: LIST
Message sent to port 5000: LIST
Message sent to port 5000: LIST
Message sent to port 5000: LIST
List operation started
List operation started
Message sent to port 5000: LIST
Message sent to port 5000: LIST
List operation started
List operation started
Message sent to port 5000: LIST
List operation started
Message sent to port 5000: LIST
Message sent to port 5000: LIST
Message sent to port 5000: LIST
List operation started
List operation started
List operation started
List operation started
List operation started
Timeout expired while reading from port 5000
Timeout expired while reading from port 5000
List operation failed
Timeout expired while reading from port 5000
List operation failed
Timeout expired while reading from port 5000
Timeout expired while reading from port 5000
List operation failed
Timeout expired while reading from port 5000
List operation failed
List operation failed
Timeout expired while reading from port 5000
Timeout expired while reading from port 5000
List operation failed
Timeout expired while reading from port 5000
Timeout expired while reading from port 5000
List operation failed
List operation failed
List operation failed
List operation failed
