Connection established to port 4000
Message sent to port 4000: LIST
List operation started
Message received from port 4000: LIST
List operation successfully completed
Message sent to port 4000: STORE test.txt 9
Store operation started for file test.txt
Message received from port 4000: STORE_TO
Controller replied to store test.txt in these Dstores: 
Timeout expired while reading from port 4000
Message sent to port 4000: STORE test.txt 9
Store operation started for file test.txt
Message received from port 4000: STORE_TO
Controller replied to store test.txt in these Dstores: 
Timeout expired while reading from port 4000
Message sent to port 4000: LIST
List operation started
Message received from port 4000: LIST
List operation successfully completed
Message sent to port 4000: LIST
List operation started
Message received from port 4000: LIST
List operation successfully completed
Connection established to port 4000
Connection established to port 4000
Connection established to port 4000
Connection established to port 4000
Connection established to port 4000
Connection established to port 4000
Connection established to port 4000
Message sent to port 4000: LIST
Connection established to port 4000
Message sent to port 4000: LIST
List operation started
Message sent to port 4000: LIST
List operation started
Message sent to port 4000: LIST
Connection established to port 4000
Message sent to port 4000: LIST
List operation started
Connection established to port 4000
Message sent to port 4000: LIST
List operation started
Message received from port 4000: LIST
List operation successfully completed
Message sent to port 4000: LIST
Message received from port 4000: LIST
Message sent to port 4000: LIST
List operation started
List operation started
Message received from port 4000: LIST
List operation successfully completed
List operation successfully completed
List operation started
Message sent to port 4000: LIST
List operation started
List operation started
Message received from port 4000: LIST
Message sent to port 4000: LIST
List operation started
Message sent to port 4000: LIST
List operation started
Message received from port 4000: LIST
Message received from port 4000: LIST
List operation successfully completed
Message received from port 4000: LIST
Message sent to port 4000: LIST
Message sent to port 4000: LIST
List operation successfully completed
List operation started
List operation started
List operation successfully completed
Message sent to port 4000: LIST
List operation started
List operation successfully completed
Message sent to port 4000: LIST
Message received from port 4000: LIST
List operation started
List operation successfully completed
Message sent to port 4000: LIST
Message received from port 4000: LIST
List operation started
List operation successfully completed
Timeout expired while reading from port 4000
Timeout expired while reading from port 4000
List operation failed
List operation failed
Timeout expired while reading from port 4000
List operation failed
Timeout expired while reading from port 4000
List operation failed
Timeout expired while reading from port 4000
Timeout expired while reading from port 4000
List operation failed
List operation failed
Timeout expired while reading from port 4000
List operation failed
